app/build/intermediates/manifest_merge_blame_file/debug/manifest-merger-blame-debug-report.txt
1<?xml version="1.0" encoding="utf-8"?>
2<manifest xmlns:android="http://schemas.android.com/apk/res/android"
3    package="id.co.myproject.angkutapps"
4    android:versionCode="1"
5    android:versionName="1.0" >
6
7    <uses-sdk
8        android:minSdkVersion="21"
8-->src\main\AndroidManifest.xml
9        android:targetSdkVersion="29" />
9-->src\main\AndroidManifest.xml
10    <!--
11         The ACCESS_COARSE/FINE_LOCATION permissions are not required to use
12         Google Maps Android API v2, but you must specify either coarse or fine
13         location permissions for the 'MyLocation' functionality.
14    -->
15    <uses-permission android:name="android.permission.ACCESS_FINE_LOCATION" />
15-->src\main\AndroidManifest.xml:9:5-79
15-->src\main\AndroidManifest.xml:9:22-76
16    <uses-permission android:name="android.permission.INTERNET" />
16-->src\main\AndroidManifest.xml:10:5-67
16-->src\main\AndroidManifest.xml:10:22-64
17    <uses-permission android:name="android.permission.ACCESS_COARSE_LOCATION" />
17-->src\main\AndroidManifest.xml:11:5-81
17-->src\main\AndroidManifest.xml:11:22-78
18    <uses-permission android:name="android.permission.ACCESS_WIFI_STATE" /> <!-- Include required permissions for Google Maps API to run. -->
18-->[com.google.android.libraries.places:places:2.3.0] AndroidManifest.xml:10:5-76
18-->[com.google.android.libraries.places:places:2.3.0] AndroidManifest.xml:10:22-73
19    <uses-permission android:name="android.permission.ACCESS_NETWORK_STATE" />
19-->[com.google.android.gms:play-services-maps:17.0.0] AndroidManifest.xml:23:5-79
19-->[com.google.android.gms:play-services-maps:17.0.0] AndroidManifest.xml:23:22-76
20
21    <uses-feature
21-->[com.google.android.gms:play-services-maps:17.0.0] AndroidManifest.xml:26:5-28:35
22        android:glEsVersion="0x00020000"
22-->[com.google.android.gms:play-services-maps:17.0.0] AndroidManifest.xml:27:9-41
23        android:required="true" />
23-->[com.google.android.gms:play-services-maps:17.0.0] AndroidManifest.xml:28:9-32
24
25    <uses-permission android:name="android.permission.WAKE_LOCK" /> <!-- Required by older versions of Google Play services to create IID tokens -->
25-->[com.google.firebase:firebase-iid:20.2.3] AndroidManifest.xml:24:5-68
25-->[com.google.firebase:firebase-iid:20.2.3] AndroidManifest.xml:24:22-65
26    <uses-permission android:name="com.google.android.c2dm.permission.RECEIVE" />
26-->[com.google.firebase:firebase-iid:20.2.3] AndroidManifest.xml:26:5-82
26-->[com.google.firebase:firebase-iid:20.2.3] AndroidManifest.xml:26:22-79
27
28    <application
28-->src\main\AndroidManifest.xml:13:5-59:19
29        android:allowBackup="true"
29-->src\main\AndroidManifest.xml:14:9-35
30        android:appComponentFactory="androidx.core.app.CoreComponentFactory"
30-->[androidx.core:core:1.2.0] AndroidManifest.xml:24:18-86
31        android:debuggable="true"
32        android:icon="@mipmap/ic_launcher"
32-->src\main\AndroidManifest.xml:15:9-43
33        android:label="@string/app_name"
33-->src\main\AndroidManifest.xml:16:9-41
34        android:roundIcon="@mipmap/ic_launcher_round"
34-->src\main\AndroidManifest.xml:17:9-54
35        android:supportsRtl="true"
35-->src\main\AndroidManifest.xml:18:9-35
36        android:testOnly="true"
37        android:theme="@style/AppTheme"
37-->src\main\AndroidManifest.xml:19:9-40
38        android:usesCleartextTraffic="true" >
38-->src\main\AndroidManifest.xml:20:9-44
39        <activity android:name="id.co.myproject.angkutapps.view.profil.KontakDarurat" />
39-->src\main\AndroidManifest.xml:21:9-72
39-->src\main\AndroidManifest.xml:21:19-60
40        <!--
41             The API key for Google Maps-based APIs is defined as a string resource.
42             (See the file "res/values/google_maps_api.xml").
43             Note that the API key is linked to the encryption key used to sign the APK.
44             You need a different API key for each encryption key, including the release key that is used to
45             sign the APK for publishing.
46             You can define the keys for the debug and release targets in src/debug/ and src/release/.
47        -->
48        <meta-data
48-->src\main\AndroidManifest.xml:30:9-32:55
49            android:name="com.google.android.geo.API_KEY"
49-->src\main\AndroidManifest.xml:31:13-58
50            android:value="@string/google_maps_key" />
50-->src\main\AndroidManifest.xml:32:13-52
51
52        <activity android:name="id.co.myproject.angkutapps.view.profil.ProfilUser" />
52-->src\main\AndroidManifest.xml:33:9-60
52-->src\main\AndroidManifest.xml:33:19-57
53        <activity
53-->src\main\AndroidManifest.xml:34:9-36:63
54            android:name="id.co.myproject.angkutapps.view.TrackingActivity"
54-->src\main\AndroidManifest.xml:35:13-50
55            android:label="@string/title_activity_tracking" />
55-->src\main\AndroidManifest.xml:36:13-60
56        <activity android:name="id.co.myproject.angkutapps.view.login.LoginActivity" >
56-->src\main\AndroidManifest.xml:37:9-43:20
56-->src\main\AndroidManifest.xml:37:19-59
57            <intent-filter>
57-->src\main\AndroidManifest.xml:38:13-42:29
58                <action android:name="android.intent.action.MAIN" />
58-->src\main\AndroidManifest.xml:39:17-69
58-->src\main\AndroidManifest.xml:39:25-66
59
60                <category android:name="android.intent.category.LAUNCHER" />
60-->src\main\AndroidManifest.xml:41:17-77
60-->src\main\AndroidManifest.xml:41:27-74
61            </intent-filter>
62        </activity>
63        <activity
63-->src\main\AndroidManifest.xml:44:9-46:66
64            android:name="id.co.myproject.angkutapps.NearbyMapsFragment"
64-->src\main\AndroidManifest.xml:45:13-47
65            android:label="@string/title_activity_nearby_maps" />
65-->src\main\AndroidManifest.xml:46:13-63
66        <activity android:name="id.co.myproject.angkutapps.MainActivity" />
66-->src\main\AndroidManifest.xml:47:9-50
66-->src\main\AndroidManifest.xml:47:19-47
67
68        <service android:name="id.co.myproject.angkutapps.service.MyFirebaseIdService" >
68-->src\main\AndroidManifest.xml:49:9-53:19
68-->src\main\AndroidManifest.xml:49:18-61
69            <intent-filter>
69-->src\main\AndroidManifest.xml:50:13-52:29
70                <action android:name="com.google.firebase.INSTANCE_ID_EVENT" />
70-->src\main\AndroidManifest.xml:51:17-80
70-->src\main\AndroidManifest.xml:51:25-77
71            </intent-filter>
72        </service>
73        <service android:name="id.co.myproject.angkutapps.service.MyFirebaseMessaging" >
73-->src\main\AndroidManifest.xml:54:9-58:19
73-->src\main\AndroidManifest.xml:54:18-61
74            <intent-filter>
74-->src\main\AndroidManifest.xml:55:13-57:29
75                <action android:name="com.google.firebase.MESSAGING_EVENT" />
75-->src\main\AndroidManifest.xml:56:17-78
75-->src\main\AndroidManifest.xml:56:25-75
76            </intent-filter>
77        </service>
78
79        <activity
79-->[com.google.android.libraries.places:places:2.3.0] AndroidManifest.xml:14:9-20:20
80            android:name="com.google.android.libraries.places.widget.AutocompleteActivity"
80-->[com.google.android.libraries.places:places:2.3.0] AndroidManifest.xml:15:13-91
81            android:exported="false"
81-->[com.google.android.libraries.places:places:2.3.0] AndroidManifest.xml:16:13-37
82            android:label="@string/places_autocomplete_label"
82-->[com.google.android.libraries.places:places:2.3.0] AndroidManifest.xml:17:13-62
83            android:theme="@style/PlacesAutocompleteOverlay"
83-->[com.google.android.libraries.places:places:2.3.0] AndroidManifest.xml:18:13-61
84            android:windowSoftInputMode="adjustResize" >
84-->[com.google.android.libraries.places:places:2.3.0] AndroidManifest.xml:19:13-55
85        </activity> <!-- Needs to be explicitly declared on P+ -->
86        <uses-library
86-->[com.google.android.gms:play-services-maps:17.0.0] AndroidManifest.xml:33:9-35:40
87            android:name="org.apache.http.legacy"
87-->[com.google.android.gms:play-services-maps:17.0.0] AndroidManifest.xml:34:13-50
88            android:required="false" />
88-->[com.google.android.gms:play-services-maps:17.0.0] AndroidManifest.xml:35:13-37
89
90        <service
90-->[com.google.firebase:firebase-database:19.3.1] AndroidManifest.xml:29:9-35:19
91            android:name="com.google.firebase.components.ComponentDiscoveryService"
91-->[com.google.firebase:firebase-database:19.3.1] AndroidManifest.xml:30:13-84
92            android:directBootAware="true"
92-->[com.google.firebase:firebase-common:19.3.0] AndroidManifest.xml:34:13-43
93            android:exported="false" >
93-->[com.google.firebase:firebase-database:19.3.1] AndroidManifest.xml:31:13-37
94            <meta-data
94-->[com.google.firebase:firebase-database:19.3.1] AndroidManifest.xml:32:13-34:85
95                android:name="com.google.firebase.components:com.google.firebase.database.DatabaseRegistrar"
95-->[com.google.firebase:firebase-database:19.3.1] AndroidManifest.xml:33:17-109
96                android:value="com.google.firebase.components.ComponentRegistrar" />
96-->[com.google.firebase:firebase-database:19.3.1] AndroidManifest.xml:34:17-82
97            <meta-data
97-->[com.google.firebase:firebase-auth:19.3.2] AndroidManifest.xml:36:13-38:85
98                android:name="com.google.firebase.components:com.google.firebase.auth.FirebaseAuthRegistrar"
98-->[com.google.firebase:firebase-auth:19.3.2] AndroidManifest.xml:37:17-109
99                android:value="com.google.firebase.components.ComponentRegistrar" />
99-->[com.google.firebase:firebase-auth:19.3.2] AndroidManifest.xml:38:17-82
100            <meta-data
100-->[com.google.firebase:firebase-storage:19.1.1] AndroidManifest.xml:33:13-35:85
101                android:name="com.google.firebase.components:com.google.firebase.storage.StorageRegistrar"
101-->[com.google.firebase:firebase-storage:19.1.1] AndroidManifest.xml:34:17-107
102                android:value="com.google.firebase.components.ComponentRegistrar" />
102-->[com.google.firebase:firebase-storage:19.1.1] AndroidManifest.xml:35:17-82
103            <meta-data
103-->[com.google.firebase:firebase-messaging:20.2.4] AndroidManifest.xml:39:13-41:85
104                android:name="com.google.firebase.components:com.google.firebase.messaging.FirebaseMessagingRegistrar"
104-->[com.google.firebase:firebase-messaging:20.2.4] AndroidManifest.xml:40:17-119
105                android:value="com.google.firebase.components.ComponentRegistrar" />
105-->[com.google.firebase:firebase-messaging:20.2.4] AndroidManifest.xml:41:17-82
106            <meta-data
106-->[com.google.firebase:firebase-iid:20.2.3] AndroidManifest.xml:32:13-34:85
107                android:name="com.google.firebase.components:com.google.firebase.iid.Registrar"
107-->[com.google.firebase:firebase-iid:20.2.3] AndroidManifest.xml:33:17-96
108                android:value="com.google.firebase.components.ComponentRegistrar" />
108-->[com.google.firebase:firebase-iid:20.2.3] AndroidManifest.xml:34:17-82
109            <meta-data
109-->[com.google.firebase:firebase-datatransport:17.0.3] AndroidManifest.xml:28:13-30:85
110                android:name="com.google.firebase.components:com.google.firebase.datatransport.TransportRegistrar"
110-->[com.google.firebase:firebase-datatransport:17.0.3] AndroidManifest.xml:29:17-115
111                android:value="com.google.firebase.components.ComponentRegistrar" />
111-->[com.google.firebase:firebase-datatransport:17.0.3] AndroidManifest.xml:30:17-82
112            <meta-data
112-->[com.google.firebase:firebase-installations:16.3.3] AndroidManifest.xml:17:13-19:85
113                android:name="com.google.firebase.components:com.google.firebase.installations.FirebaseInstallationsRegistrar"
113-->[com.google.firebase:firebase-installations:16.3.3] AndroidManifest.xml:18:17-127
114                android:value="com.google.firebase.components.ComponentRegistrar" />
114-->[com.google.firebase:firebase-installations:16.3.3] AndroidManifest.xml:19:17-82
115        </service>
116
117        <activity
117-->[com.google.android.gms:play-services-auth:18.1.0] AndroidManifest.xml:23:9-27:75
118            android:name="com.google.android.gms.auth.api.signin.internal.SignInHubActivity"
118-->[com.google.android.gms:play-services-auth:18.1.0] AndroidManifest.xml:24:13-93
119            android:excludeFromRecents="true"
119-->[com.google.android.gms:play-services-auth:18.1.0] AndroidManifest.xml:25:13-46
120            android:exported="false"
120-->[com.google.android.gms:play-services-auth:18.1.0] AndroidManifest.xml:26:13-37
121            android:theme="@android:style/Theme.Translucent.NoTitleBar" />
121-->[com.google.android.gms:play-services-auth:18.1.0] AndroidManifest.xml:27:13-72
122        <!--
123            Service handling Google Sign-In user revocation. For apps that do not integrate with
124            Google Sign-In, this service will never be started.
125        -->
126        <service
126-->[com.google.android.gms:play-services-auth:18.1.0] AndroidManifest.xml:33:9-37:51
127            android:name="com.google.android.gms.auth.api.signin.RevocationBoundService"
127-->[com.google.android.gms:play-services-auth:18.1.0] AndroidManifest.xml:34:13-89
128            android:exported="true"
128-->[com.google.android.gms:play-services-auth:18.1.0] AndroidManifest.xml:35:13-36
129            android:permission="com.google.android.gms.auth.api.signin.permission.REVOCATION_NOTIFICATION"
129-->[com.google.android.gms:play-services-auth:18.1.0] AndroidManifest.xml:36:13-107
130            android:visibleToInstantApps="true" />
130-->[com.google.android.gms:play-services-auth:18.1.0] AndroidManifest.xml:37:13-48
131
132        <activity
132-->[com.google.firebase:firebase-auth:19.3.2] AndroidManifest.xml:24:9-31:50
133            android:name="com.google.firebase.auth.internal.FederatedSignInActivity"
133-->[com.google.firebase:firebase-auth:19.3.2] AndroidManifest.xml:25:13-85
134            android:excludeFromRecents="true"
134-->[com.google.firebase:firebase-auth:19.3.2] AndroidManifest.xml:26:13-46
135            android:exported="true"
135-->[com.google.firebase:firebase-auth:19.3.2] AndroidManifest.xml:27:13-36
136            android:launchMode="singleTask"
136-->[com.google.firebase:firebase-auth:19.3.2] AndroidManifest.xml:28:13-44
137            android:permission="com.google.firebase.auth.api.gms.permission.LAUNCH_FEDERATED_SIGN_IN"
137-->[com.google.firebase:firebase-auth:19.3.2] AndroidManifest.xml:29:13-102
138            android:theme="@android:style/Theme.Translucent.NoTitleBar" />
138-->[com.google.firebase:firebase-auth:19.3.2] AndroidManifest.xml:30:13-72
139        <!--
140             FirebaseMessagingService performs security checks at runtime,
141             but set to not exported to explicitly avoid allowing another app to call it.
142        -->
143        <service
143-->[com.google.firebase:firebase-messaging:20.2.4] AndroidManifest.xml:28:9-35:19
144            android:name="com.google.firebase.messaging.FirebaseMessagingService"
144-->[com.google.firebase:firebase-messaging:20.2.4] AndroidManifest.xml:29:13-82
145            android:directBootAware="true"
145-->[com.google.firebase:firebase-messaging:20.2.4] AndroidManifest.xml:30:13-43
146            android:exported="false" >
146-->[com.google.firebase:firebase-messaging:20.2.4] AndroidManifest.xml:31:13-37
147            <intent-filter android:priority="-500" >
147-->src\main\AndroidManifest.xml:55:13-57:29
148                <action android:name="com.google.firebase.MESSAGING_EVENT" />
148-->src\main\AndroidManifest.xml:56:17-78
148-->src\main\AndroidManifest.xml:56:25-75
149            </intent-filter>
150        </service>
151
152        <receiver
152-->[com.google.firebase:firebase-iid:20.2.3] AndroidManifest.xml:37:9-44:20
153            android:name="com.google.firebase.iid.FirebaseInstanceIdReceiver"
153-->[com.google.firebase:firebase-iid:20.2.3] AndroidManifest.xml:38:13-78
154            android:exported="true"
154-->[com.google.firebase:firebase-iid:20.2.3] AndroidManifest.xml:39:13-36
155            android:permission="com.google.android.c2dm.permission.SEND" >
155-->[com.google.firebase:firebase-iid:20.2.3] AndroidManifest.xml:40:13-73
156            <intent-filter>
156-->[com.google.firebase:firebase-iid:20.2.3] AndroidManifest.xml:41:13-43:29
157                <action android:name="com.google.android.c2dm.intent.RECEIVE" />
157-->[com.google.firebase:firebase-iid:20.2.3] AndroidManifest.xml:42:17-81
157-->[com.google.firebase:firebase-iid:20.2.3] AndroidManifest.xml:42:25-78
158            </intent-filter>
159        </receiver>
160
161        <activity
161-->[com.google.android.gms:play-services-base:17.4.0] AndroidManifest.xml:23:9-26:75
162            android:name="com.google.android.gms.common.api.GoogleApiActivity"
162-->[com.google.android.gms:play-services-base:17.4.0] AndroidManifest.xml:24:13-79
163            android:exported="false"
163-->[com.google.android.gms:play-services-base:17.4.0] AndroidManifest.xml:25:13-37
164            android:theme="@android:style/Theme.Translucent.NoTitleBar" />
164-->[com.google.android.gms:play-services-base:17.4.0] AndroidManifest.xml:26:13-72
165
166        <meta-data
166-->[com.google.maps.android:android-maps-utils:0.5] AndroidManifest.xml:8:9-10:69
167            android:name="com.google.android.gms.version"
167-->[com.google.maps.android:android-maps-utils:0.5] AndroidManifest.xml:9:13-58
168            android:value="@integer/google_play_services_version" />
168-->[com.google.maps.android:android-maps-utils:0.5] AndroidManifest.xml:10:13-66
169
170        <provider
170-->[com.google.firebase:firebase-common:19.3.0] AndroidManifest.xml:26:9-30:39
171            android:name="com.google.firebase.provider.FirebaseInitProvider"
171-->[com.google.firebase:firebase-common:19.3.0] AndroidManifest.xml:27:13-77
172            android:authorities="id.co.myproject.angkutapps.firebaseinitprovider"
172-->[com.google.firebase:firebase-common:19.3.0] AndroidManifest.xml:28:13-72
173            android:exported="false"
173-->[com.google.firebase:firebase-common:19.3.0] AndroidManifest.xml:29:13-37
174            android:initOrder="100" />
174-->[com.google.firebase:firebase-common:19.3.0] AndroidManifest.xml:30:13-36
175
176        <service
176-->[com.google.android.datatransport:transport-backend-cct:2.2.0] AndroidManifest.xml:29:9-35:19
177            android:name="com.google.android.datatransport.runtime.backends.TransportBackendDiscovery"
177-->[com.google.android.datatransport:transport-backend-cct:2.2.0] AndroidManifest.xml:30:13-103
178            android:exported="false" >
178-->[com.google.android.datatransport:transport-backend-cct:2.2.0] AndroidManifest.xml:31:13-37
179            <meta-data
179-->[com.google.android.datatransport:transport-backend-cct:2.2.0] AndroidManifest.xml:32:13-34:39
180                android:name="backend:com.google.android.datatransport.cct.CctBackendFactory"
180-->[com.google.android.datatransport:transport-backend-cct:2.2.0] AndroidManifest.xml:33:17-94
181                android:value="cct" />
181-->[com.google.android.datatransport:transport-backend-cct:2.2.0] AndroidManifest.xml:34:17-36
182        </service>
183        <service
183-->[com.google.android.datatransport:transport-runtime:2.2.0] AndroidManifest.xml:26:9-30:19
184            android:name="com.google.android.datatransport.runtime.scheduling.jobscheduling.JobInfoSchedulerService"
184-->[com.google.android.datatransport:transport-runtime:2.2.0] AndroidManifest.xml:27:13-117
185            android:exported="false"
185-->[com.google.android.datatransport:transport-runtime:2.2.0] AndroidManifest.xml:28:13-37
186            android:permission="android.permission.BIND_JOB_SERVICE" >
186-->[com.google.android.datatransport:transport-runtime:2.2.0] AndroidManifest.xml:29:13-69
187        </service>
188
189        <receiver
189-->[com.google.android.datatransport:transport-runtime:2.2.0] AndroidManifest.xml:32:9-34:40
190            android:name="com.google.android.datatransport.runtime.scheduling.jobscheduling.AlarmManagerSchedulerBroadcastReceiver"
190-->[com.google.android.datatransport:transport-runtime:2.2.0] AndroidManifest.xml:33:13-132
191            android:exported="false" />
191-->[com.google.android.datatransport:transport-runtime:2.2.0] AndroidManifest.xml:34:13-37
192
193        <provider
193-->[androidx.lifecycle:lifecycle-process:2.1.0] AndroidManifest.xml:23:9-27:43
194            android:name="androidx.lifecycle.ProcessLifecycleOwnerInitializer"
194-->[androidx.lifecycle:lifecycle-process:2.1.0] AndroidManifest.xml:24:13-79
195            android:authorities="id.co.myproject.angkutapps.lifecycle-process"
195-->[androidx.lifecycle:lifecycle-process:2.1.0] AndroidManifest.xml:25:13-69
196            android:exported="false"
196-->[androidx.lifecycle:lifecycle-process:2.1.0] AndroidManifest.xml:26:13-37
197            android:multiprocess="true" />
197-->[androidx.lifecycle:lifecycle-process:2.1.0] AndroidManifest.xml:27:13-40
198    </application>
199
200</manifest>